no answer key for item abbandonare instance abbandonare.0023
no answer key for item aumento instance aumento.0051
no answer key for item casa instance casa.0055
no answer key for item casa instance casa.0056
no answer key for item colpire instance colpire.0044
no answer key for item forza instance forza.0029
no answer key for item lasciare instance lasciare.0046
no answer key for item lasciare instance lasciare.0047
no answer key for item lasciare instance lasciare.0048
no answer key for item lasciare instance lasciare.0049
no answer key for item lasciare instance lasciare.0050
no answer key for item libero instance libero.0000
no answer key for item libero instance libero.0001
no answer key for item libero instance libero.0002
no answer key for item linea instance linea.0025
no answer key for item pronto instance pronto.0051
no answer key for item pronto instance pronto.0052
no answer key for item salire instance salire.0060
no answer key for item serie instance serie.0024
no answer key for item solo instance solo.0063
no answer key for item trattare instance trattare.0012
no answer key for item vero instance vero.0053
