no answer provided by system for call, call.147
no answer provided by system for call, call.190
no answer provided by system for call, call.142
no answer provided by system for call, call.151
no answer provided by system for call, call.193
no answer provided by system for call, call.170
no answer provided by system for call, call.094
no answer provided by system for carry, carry.118
no answer provided by system for carry, carry.143
no answer provided by system for carry, carry.194
no answer provided by system for carry, carry.066
no answer provided by system for develop, develop.136
no answer provided by system for develop, develop.147
no answer provided by system for draw, draw.118
no answer provided by system for draw, draw.102
no answer provided by system for draw, draw.119
no answer provided by system for draw, draw.121
no answer provided by system for draw, draw.098
no answer provided by system for draw, draw.106
no answer provided by system for draw, draw.114
no answer provided by system for draw, draw.066
no answer provided by system for draw, draw.084
no answer provided by system for draw, draw.048
no answer provided by system for draw, draw.085
no answer provided by system for draw, draw.109
no answer provided by system for draw, draw.043
no answer provided by system for drive, drive.078
no answer provided by system for find, find.067
no answer provided by system for find, find.125
no answer provided by system for find, find.170
no answer provided by system for find, find.156
no answer provided by system for find, find.159
no answer provided by system for find, find.184
no answer provided by system for find, find.185
no answer provided by system for keep, keep.186
no answer provided by system for leave, leave.189
no answer provided by system for leave, leave.173
no answer provided by system for leave, leave.159
no answer provided by system for leave, leave.175
no answer provided by system for leave, leave.116
no answer provided by system for leave, leave.164
no answer provided by system for leave, leave.143
no answer provided by system for leave, leave.162
no answer provided by system for play, play.168
no answer provided by system for play, play.123
no answer provided by system for pull, pull.127
no answer provided by system for pull, pull.161
no answer provided by system for pull, pull.168
no answer provided by system for pull, pull.116
no answer provided by system for pull, pull.113
no answer provided by system for pull, pull.146
no answer provided by system for pull, pull.156
no answer provided by system for train, train.161
no answer provided by system for turn, turn.178
no answer provided by system for turn, turn.158
no answer provided by system for turn, turn.167
no answer provided by system for turn, turn.063
no answer provided by system for turn, turn.066
no answer provided by system for turn, turn.140
no answer provided by system for turn, turn.166
no answer provided by system for turn, turn.068
no answer provided by system for turn, turn.190
no answer provided by system for turn, turn.155
no answer provided by system for wash, wash.028
no answer provided by system for wash, wash.036
no answer provided by system for wash, wash.033
no answer provided by system for wash, wash.026
no answer provided by system for wash, wash.032
no answer provided by system for wash, wash.027
no answer provided by system for work, work.164
no answer provided by system for work, work.175
no answer provided by system for work, work.076
no answer provided by system for work, work.100
