no answer key for item guli instance 182
no answer key for item guli instance 183
no answer key for item guli instance 185
no answer key for item guli instance 186
no answer key for item guli instance 188
no answer key for item guli instance 189
no answer key for item guli instance 191
no answer key for item guli instance 194
no answer key for item guli instance 195
no answer key for item guli instance 196
no answer key for item mal instance 121
no answer key for item mal instance 122
no answer key for item mal instance 123
no answer key for item mal instance 124
no answer key for item mal instance 125
no answer key for item mal instance 126
no answer key for item mal instance 127
no answer key for item mal instance 128
no answer key for item mal instance 129
no answer key for item mal instance 130
no answer key for item mal instance 131
no answer key for item mal instance 132
no answer key for item mal instance 133
no answer key for item mal instance 134
no answer key for item mal instance 135
no answer key for item mal instance 136
no answer key for item mal instance 137
no answer key for item mal instance 138
no answer key for item mal instance 139
no answer key for item mal instance 140
no answer key for item mal instance 141
no answer key for item mal instance 142
no answer key for item mal instance 143
no answer key for item mal instance 144
no answer key for item mal instance 145
no answer key for item mal instance 146
no answer key for item mal instance 147
no answer key for item mal instance 148
no answer key for item mal instance 149
no answer key for item mal instance 150
no answer key for item mal instance 151
no answer key for item mal instance 5
no answer key for item mal instance 19
no answer key for item noon instance 136
no answer key for item noon instance 137
no answer key for item noon instance 199
no answer key for item bam instance 104
no answer key for item bam instance 105
no answer key for item bam instance 106
no answer key for item bam instance 107
no answer key for item bam instance 108
no answer key for item bam instance 109
no answer key for item bam instance 150
no answer key for item jum instance 101
no answer key for item jum instance 103
no answer key for item jum instance 104
no answer key for item jum instance 102
no answer key for item jum instance 103
no answer key for item jum instance 104
no answer key for item jum instance 108
no answer key for item jum instance 109
no answer key for item baram instance 119
no answer key for item baram instance 138
no answer key for item baram instance 128
no answer key for item baram instance 134
no answer key for item baram instance 137
no answer key for item euisa instance 230
no answer key for item euisa instance 234
no answer key for item euisa instance 235
no answer key for item euisa instance 236
no answer key for item euisa instance 237
no answer key for item euisa instance 238
no answer key for item euisa instance 239
no answer key for item euisa instance 240
no answer key for item euisa instance 241
no answer key for item euisa instance 242
no answer key for item euisa instance 243
no answer key for item euisa instance 244
no answer key for item euisa instance 245
