no answer key for item bam instance 101
no answer key for item bam instance 102
no answer key for item bam instance 103
no answer key for item bam instance 104
no answer key for item bam instance 105
no answer key for item bam instance 106
no answer key for item bam instance 107
no answer key for item bam instance 108
no answer key for item bam instance 109
no answer key for item baram instance 119
no answer key for item baram instance 128
no answer key for item baram instance 134
no answer key for item baram instance 137
no answer key for item baram instance 138
no answer key for item euisa instance 165
no answer key for item euisa instance 166
no answer key for item euisa instance 167
no answer key for item euisa instance 230
no answer key for item euisa instance 234
no answer key for item euisa instance 235
no answer key for item euisa instance 236
no answer key for item euisa instance 237
no answer key for item euisa instance 238
no answer key for item euisa instance 239
no answer key for item euisa instance 240
no answer key for item euisa instance 241
no answer key for item euisa instance 242
no answer key for item euisa instance 243
no answer key for item euisa instance 244
no answer key for item guli instance 132
no answer key for item guli instance 133
no answer key for item guli instance 134
no answer key for item guli instance 158
no answer key for item guli instance 182
no answer key for item guli instance 183
no answer key for item guli instance 185
no answer key for item guli instance 186
no answer key for item guli instance 188
no answer key for item guli instance 189
no answer key for item guli instance 191
no answer key for item guli instance 194
no answer key for item guli instance 195
no answer key for item guli instance 196
no answer key for item jali instance 100
no answer key for item jali instance 101
no answer key for item jali instance 106
no answer key for item jali instance 107
no answer key for item jali instance 109
no answer key for item jali instance 116
no answer key for item jali instance 117
no answer key for item jali instance 119
no answer key for item jali instance 126
no answer key for item jali instance 127
no answer key for item jali instance 129
no answer key for item jali instance 131
no answer key for item jali instance 136
no answer key for item jali instance 137
no answer key for item jali instance 139
no answer key for item jali instance 146
no answer key for item jali instance 99
no answer key for item jum instance 101
no answer key for item jum instance 102
no answer key for item jum instance 103
no answer key for item jum instance 104
no answer key for item jum instance 105
no answer key for item jum instance 106
no answer key for item jum instance 107
no answer key for item jum instance 108
no answer key for item jum instance 109
no answer key for item jum instance 115
no answer key for item jum instance 116
no answer key for item jum instance 117
no answer key for item jum instance 120
no answer key for item jum instance 121
no answer key for item jum instance 122
no answer key for item jum instance 123
no answer key for item jum instance 124
no answer key for item jum instance 125
no answer key for item jum instance 126
no answer key for item jum instance 127
no answer key for item jum instance 128
no answer key for item jum instance 129
no answer key for item jum instance 135
no answer key for item jum instance 136
no answer key for item jum instance 137
no answer key for item jum instance 145
no answer key for item jum instance 146
no answer key for item jum instance 147
no answer key for item mal instance 121
no answer key for item mal instance 122
no answer key for item mal instance 123
no answer key for item mal instance 124
no answer key for item mal instance 125
no answer key for item mal instance 126
no answer key for item mal instance 127
no answer key for item mal instance 128
no answer key for item mal instance 129
no answer key for item mal instance 130
no answer key for item mal instance 131
no answer key for item mal instance 132
no answer key for item mal instance 133
no answer key for item mal instance 134
no answer key for item mal instance 135
no answer key for item mal instance 136
no answer key for item mal instance 137
no answer key for item mal instance 138
no answer key for item mal instance 139
no answer key for item mal instance 140
no answer key for item mal instance 141
no answer key for item mal instance 142
no answer key for item mal instance 143
no answer key for item mal instance 144
no answer key for item mal instance 145
no answer key for item mal instance 146
no answer key for item mal instance 147
no answer key for item mal instance 148
no answer key for item mal instance 149
no answer key for item mal instance 150
no answer key for item mal instance 151
no answer key for item mal instance 9
no answer key for item mok instance 100
no answer key for item mok instance 105
no answer key for item mok instance 106
no answer key for item mok instance 115
no answer key for item mok instance 116
no answer key for item mok instance 125
no answer key for item mok instance 126
no answer key for item mok instance 135
no answer key for item mok instance 136
no answer key for item mok instance 140
no answer key for item mok instance 141
no answer key for item mok instance 142
no answer key for item mok instance 143
no answer key for item mok instance 144
no answer key for item mok instance 145
no answer key for item mok instance 146
no answer key for item mok instance 147
no answer key for item mok instance 148
no answer key for item mok instance 149
no answer key for item noon instance 136
no answer key for item noon instance 137
no answer key for item som instance 133
no answer key for item som instance 134
no answer key for item som instance 135
no answer key for item som instance 136
no answer key for item som instance 137
no answer key for item som instance 138
no answer key for item som instance 139
no answer key for item som instance 140
no answer key for item som instance 141
no answer key for item som instance 142
no answer key for item som instance 143
no answer key for item som instance 144
no answer key for item som instance 145
no answer key for item som instance 146
no answer key for item som instance 147
no answer key for item som instance 148
no answer key for item som instance 149
no answer key for item som instance 150
no answer key for item som instance 151
no answer key for item som instance 152
no answer key for item som instance 153
no answer key for item som instance 154
no answer key for item som instance 155
no answer key for item som instance 156
no answer key for item som instance 157
no answer key for item som instance 158
no answer key for item som instance 159
no answer key for item som instance 160
no answer key for item som instance 161
no answer key for item som instance 162
no answer key for item som instance 163
no answer key for item som instance 164
no answer key for item som instance 165
no answer key for item som instance 166
no answer key for item som instance 167
no answer key for item som instance 168
no answer key for item som instance 169
no answer key for item som instance 170
no answer key for item som instance 171
no answer key for item som instance 172
no answer key for item som instance 173
no answer key for item som instance 174
no answer key for item som instance 175
no answer key for item som instance 176
no answer key for item som instance 177
no answer key for item som instance 178
no answer key for item som instance 179
no answer key for item som instance 180
no answer key for item som instance 181
no answer key for item som instance 182
no answer key for item som instance 183
no answer key for item som instance 184
no answer key for item som instance 185
no answer key for item som instance 186
no answer key for item som instance 187
no answer key for item som instance 188
no answer key for item som instance 189
no answer key for item som instance 190
no answer key for item som instance 191
no answer key for item som instance 192
no answer key for item som instance 193
no answer key for item som instance 194
no answer key for item som instance 195
no answer key for item som instance 196
no answer key for item som instance 197
no answer key for item som instance 198
no answer key for item son instance 133
no answer key for item son instance 134
