bad subsumption table entry: '!! SENSE MAP TABLE FOR SWEDISH SENSEVAL-2'
bad subsumption table entry: '!! SENSE MAP TABLE FOR SWEDISH SENSEVAL-2'
bad subsumption table entry: '!! SENSE MAP TABLE FOR SWEDISH SENSEVAL-2'
bad subsumption table entry: '!! USING THE SENSE-TREES THAT APPEAR IN THE LEXICON'
bad subsumption table entry: '!! USING THE SENSE-TREES THAT APPEAR IN THE LEXICON'
bad subsumption table entry: '!! USING THE SENSE-TREES THAT APPEAR IN THE LEXICON'
bad subsumption table entry: '!! USING THE SENSE-TREES THAT APPEAR IN THE LEXICON'
bad subsumption table entry: '!! 1 TREE FOR EVERY LEMMA'
bad subsumption table entry: '!! 1 TREE FOR EVERY LEMMA'
bad subsumption table entry: '!! FILE: swedish_lexical_sample_SENSE_LEXICON_map'
bad subsumption table entry: '!! Used in conjunction with the "scorer2" for measuring'
bad subsumption table entry: '!! Used in conjunction with the "scorer2" for measuring'
bad subsumption table entry: '!! Used in conjunction with the "scorer2" for measuring'
bad subsumption table entry: '!! Used in conjunction with the "scorer2" for measuring'
bad subsumption table entry: '!!       "mixed" and "coarse" grained policy'
bad subsumption table entry: '!!       "mixed" and "coarse" grained policy'
bad subsumption table entry: '!!       "mixed" and "coarse" grained policy'
bad subsumption table entry: '!! 010423, Dimitrios Kokkinakis'
bad subsumption table entry: '!! 010423, Dimitrios Kokkinakis'
bad subsumption table entry: '!! CHANGES:'
bad subsumption table entry: '!! NOTE : NOT **ALL** SENSES APPEAR IN THE TRAIN and/or GOLD TEXTS'
bad subsumption table entry: '!! NOTE : NOT **ALL** SENSES APPEAR IN THE TRAIN and/or GOLD TEXTS'
bad subsumption table entry: '!! NOTE : NOT **ALL** SENSES APPEAR IN THE TRAIN and/or GOLD TEXTS'
bad subsumption table entry: '!! NOTE : NOT **ALL** SENSES APPEAR IN THE TRAIN and/or GOLD TEXTS'
bad subsumption table entry: '!! NOTE : NOT **ALL** SENSES APPEAR IN THE TRAIN and/or GOLD TEXTS'
bad subsumption table entry: '!! NOTE : NOT **ALL** SENSES APPEAR IN THE TRAIN and/or GOLD TEXTS'
bad subsumption table entry: '!! HOWEVER, IN THE LEXICON THERE ARE "SYNTACTIC EXAMPLES" FOR THESE'
bad subsumption table entry: '!! HOWEVER, IN THE LEXICON THERE ARE "SYNTACTIC EXAMPLES" FOR THESE'
bad subsumption table entry: '!! HOWEVER, IN THE LEXICON THERE ARE "SYNTACTIC EXAMPLES" FOR THESE'
bad subsumption table entry: '!! HOWEVER, IN THE LEXICON THERE ARE "SYNTACTIC EXAMPLES" FOR THESE'
bad subsumption table entry: '!! HOWEVER, IN THE LEXICON THERE ARE "SYNTACTIC EXAMPLES" FOR THESE'
bad subsumption table entry: '!! SENSES, SO IN A 'SENSE' THERE ARE (TRAINING) EXAMPLES FOR ALL THE'
bad subsumption table entry: '!! SENSES, SO IN A 'SENSE' THERE ARE (TRAINING) EXAMPLES FOR ALL THE'
bad subsumption table entry: '!! SENSES, SO IN A 'SENSE' THERE ARE (TRAINING) EXAMPLES FOR ALL THE'
bad subsumption table entry: '!! SENSES, SO IN A 'SENSE' THERE ARE (TRAINING) EXAMPLES FOR ALL THE'
bad subsumption table entry: '!! SENSES, SO IN A 'SENSE' THERE ARE (TRAINING) EXAMPLES FOR ALL THE'
bad subsumption table entry: '!! SENSES, SO IN A 'SENSE' THERE ARE (TRAINING) EXAMPLES FOR ALL THE'
bad subsumption table entry: '!! MATERIAL.'
bad subsumption table entry: '!! ANYHOW, AT THE LEXEME LEVEL, THE FOLLOWING WORDS DO NOT HAVE CORPUS'
bad subsumption table entry: '!! ANYHOW, AT THE LEXEME LEVEL, THE FOLLOWING WORDS DO NOT HAVE CORPUS'
bad subsumption table entry: '!! ANYHOW, AT THE LEXEME LEVEL, THE FOLLOWING WORDS DO NOT HAVE CORPUS'
bad subsumption table entry: '!! ANYHOW, AT THE LEXEME LEVEL, THE FOLLOWING WORDS DO NOT HAVE CORPUS'
bad subsumption table entry: '!! ANYHOW, AT THE LEXEME LEVEL, THE FOLLOWING WORDS DO NOT HAVE CORPUS'
bad subsumption table entry: '!! ANYHOW, AT THE LEXEME LEVEL, THE FOLLOWING WORDS DO NOT HAVE CORPUS'
bad subsumption table entry: '!! EXAMPLES:'
bad subsumption table entry: '!!	barn_1_3'
bad subsumption table entry: '!!	betyda_1_3'
bad subsumption table entry: '!!	bred_1_3'
bad subsumption table entry: '!!	färg_1_3, färg_1_4'
bad subsumption table entry: '!!	gälla_1_4'
bad subsumption table entry: '!!	klar_1_4'
bad subsumption table entry: '!!	konst_1_3'
bad subsumption table entry: '!!	kraft_1_3'
bad subsumption table entry: '!!	ledning_1_2'
bad subsumption table entry: '!!	makt_1_2'
bad subsumption table entry: '!!	makt_1_3'
bad subsumption table entry: '!!	massa_1_5, massa_1_6'
bad subsumption table entry: '!!	naturlig_1_4'
bad subsumption table entry: '!!	program_1_4'
bad subsumption table entry: '!!	rad_1_4'
bad subsumption table entry: '!!	rum_1_2'
bad subsumption table entry: '!!	scen_1_3, scen_1_4'
bad subsumption table entry: '!!	skjuta_1_3'
bad subsumption table entry: '!!	spela_1_3, spela_1_6'
bad subsumption table entry: '!!	stark_1_5'
bad subsumption table entry: '!!	ämne1_2'
