no answer provided by system for call, call.136
no answer provided by system for cool, cool.30016
no answer provided by system for cool, cool.40007
no answer provided by system for cool, cool.40035
no answer provided by system for cool, cool.40074
no answer provided by system for cool, cool.40080
no answer provided by system for cool, cool.40136
no answer provided by system for cool, cool.40139
no answer provided by system for day, day.40318
no answer provided by system for develop, develop.186
no answer provided by system for drive, drive.124
no answer provided by system for face, face.232
no answer provided by system for faithful, faithful.40113
no answer provided by system for fine, fine.40036
no answer provided by system for fine, fine.40066
no answer provided by system for fine, fine.40071
no answer provided by system for fine, fine.40082
no answer provided by system for fine, fine.40088
no answer provided by system for fine, fine.40113
no answer provided by system for fine, fine.40117
no answer provided by system for fine, fine.40128
no answer provided by system for fine, fine.40140
no answer provided by system for fine, fine.40149
no answer provided by system for fine, fine.40193
no answer provided by system for fine, fine.40236
no answer provided by system for fit, fit.40007
no answer provided by system for fit, fit.40016
no answer provided by system for fit, fit.40025
no answer provided by system for fit, fit.40039
no answer provided by system for fit, fit.40042
no answer provided by system for fit, fit.40049
no answer provided by system for fit, fit.40062
no answer provided by system for fit, fit.40069
no answer provided by system for fit, fit.40075
no answer provided by system for fit, fit.40078
no answer provided by system for fit, fit.40082
no answer provided by system for fit, fit.40088
no answer provided by system for fit, fit.40098
no answer provided by system for fit, fit.40101
no answer provided by system for fit, fit.40108
no answer provided by system for fit, fit.40113
no answer provided by system for fit, fit.40117
no answer provided by system for fit, fit.40122
no answer provided by system for fit, fit.40131
no answer provided by system for fit, fit.40135
no answer provided by system for free, free.40046
no answer provided by system for free, free.40096
no answer provided by system for free, free.40208
no answer provided by system for free, free.40304
no answer provided by system for green, green.40011
no answer provided by system for green, green.40029
no answer provided by system for green, green.40038
no answer provided by system for green, green.40055
no answer provided by system for green, green.40072
no answer provided by system for green, green.40099
no answer provided by system for green, green.40129
no answer provided by system for green, green.40171
no answer provided by system for green, green.40194
no answer provided by system for green, green.40228
no answer provided by system for green, green.40235
no answer provided by system for green, green.40257
no answer provided by system for green, green.40266
no answer provided by system for green, green.40270
no answer provided by system for green, green.40279
no answer provided by system for green, green.40287
no answer provided by system for green, green.40295
no answer provided by system for green, green.40298
no answer provided by system for green, green.40329
no answer provided by system for green, green.40365
no answer provided by system for green, green.40385
no answer provided by system for green, green.40402
no answer provided by system for natural, natural.40335
no answer provided by system for play, play.173
no answer provided by system for play, play.191
no answer provided by system for pull, pull.141
no answer provided by system for strike, strike.108
no answer provided by system for strike, strike.115
no answer provided by system for strike, strike.118
no answer provided by system for strike, strike.130
no answer provided by system for strike, strike.132
no answer provided by system for strike, strike.150
no answer provided by system for strike, strike.152
no answer provided by system for strike, strike.165
no answer provided by system for strike, strike.174
no answer provided by system for train, train.106
no answer provided by system for train, train.118
no answer provided by system for train, train.129
no answer provided by system for train, train.132
no answer provided by system for train, train.155
no answer provided by system for use, use.204
no answer provided by system for work, work.177
